{"/Users/zane/.liq/playground/liquid-labs/catalyst-projects-badges-coverage/src/handlers/projects/badges/coverage/add.mjs": {"path":"/Users/zane/.liq/playground/liquid-labs/catalyst-projects-badges-coverage/src/handlers/projects/badges/coverage/add.mjs","statementMap":{"0":{"start":{"line":1,"column":0},"end":{"line":1,"column":null}},"1":{"start":{"line":2,"column":0},"end":{"line":2,"column":null}},"2":{"start":{"line":3,"column":0},"end":{"line":3,"column":null}},"3":{"start":{"line":5,"column":0},"end":{"line":5,"column":null}},"4":{"start":{"line":7,"column":10},"end":{"line":11,"column":1}},"5":{"start":{"line":13,"column":12},"end":{"line":13,"column":20}},"6":{"start":{"line":14,"column":10},"end":{"line":14,"column":54}},"7":{"start":{"line":15,"column":16},"end":{"line":15,"column":37}},"8":{"start":{"line":17,"column":13},"end":{"line":36,"column":1}},"9":{"start":{"line":17,"column":36},"end":{"line":36,"column":1}},"10":{"start":{"line":18,"column":2},"end":{"line":18,"column":null}},"11":{"start":{"line":20,"column":27},"end":{"line":20,"column":35}},"12":{"start":{"line":23,"column":4},"end":{"line":23,"column":68}},"13":{"start":{"line":25,"column":19},"end":{"line":25,"column":102}},"14":{"start":{"line":27,"column":18},"end":{"line":27,"column":58}},"15":{"start":{"line":29,"column":2},"end":{"line":29,"column":null}},"16":{"start":{"line":31,"column":2},"end":{"line":31,"column":null}},"17":{"start":{"line":33,"column":14},"end":{"line":33,"column":37}},"18":{"start":{"line":35,"column":2},"end":{"line":35,"column":null}},"19":{"start":{"line":36,"column":1},"end":{"line":36,"column":null}}},"fnMap":{"0":{"name":"(anonymous_0)","decl":{"start":{"line":17,"column":13},"end":{"line":17,"column":14}},"loc":{"start":{"line":17,"column":36},"end":{"line":36,"column":1}}},"1":{"name":"(anonymous_1)","decl":{"start":{"line":17,"column":36},"end":{"line":17,"column":42}},"loc":{"start":{"line":17,"column":55},"end":{"line":36,"column":1}}}},"branchMap":{"0":{"loc":{"start":{"line":20,"column":10},"end":{"line":20,"column":23}},"type":"default-arg","locations":[{"start":{"line":20,"column":21},"end":{"line":20,"column":23}}]}},"s":{"0":1,"1":1,"2":1,"3":1,"4":1,"5":1,"6":1,"7":1,"8":1,"9":1,"10":1,"11":1,"12":1,"13":1,"14":1,"15":1,"16":1,"17":1,"18":1,"19":1},"f":{"0":1,"1":1},"b":{"0":[1]}}
,"/Users/zane/.liq/playground/liquid-labs/catalyst-projects-badges-coverage/src/handlers/projects/badges/coverage/lib/setup-coverage.mjs": {"path":"/Users/zane/.liq/playground/liquid-labs/catalyst-projects-badges-coverage/src/handlers/projects/badges/coverage/lib/setup-coverage.mjs","statementMap":{"0":{"start":{"line":1,"column":0},"end":{"line":1,"column":null}},"1":{"start":{"line":2,"column":0},"end":{"line":2,"column":null}},"2":{"start":{"line":4,"column":0},"end":{"line":4,"column":null}},"3":{"start":{"line":6,"column":0},"end":{"line":6,"column":null}},"4":{"start":{"line":7,"column":0},"end":{"line":7,"column":57}},"5":{"start":{"line":7,"column":57},"end":{"line":7,"column":null}},"6":{"start":{"line":9,"column":22},"end":{"line":71,"column":1}},"7":{"start":{"line":11,"column":2},"end":{"line":22,"column":null}},"8":{"start":{"line":12,"column":23},"end":{"line":12,"column":82}},"9":{"start":{"line":13,"column":4},"end":{"line":13,"column":null}},"10":{"start":{"line":16,"column":4},"end":{"line":21,"column":null}},"11":{"start":{"line":17,"column":6},"end":{"line":17,"column":null}},"12":{"start":{"line":20,"column":6},"end":{"line":20,"column":null}},"13":{"start":{"line":24,"column":22},"end":{"line":24,"column":61}},"14":{"start":{"line":26,"column":21},"end":{"line":26,"column":73}},"15":{"start":{"line":27,"column":28},"end":{"line":27,"column":87}},"16":{"start":{"line":33,"column":19},"end":{"line":33,"column":49}},"17":{"start":{"line":34,"column":26},"end":{"line":34,"column":52}},"18":{"start":{"line":36,"column":21},"end":{"line":36,"column":67}},"19":{"start":{"line":39,"column":14},"end":{"line":39,"column":48}},"20":{"start":{"line":40,"column":21},"end":{"line":40,"column":42}},"21":{"start":{"line":42,"column":16},"end":{"line":47,"column":4}},"22":{"start":{"line":49,"column":27},"end":{"line":49,"column":72}},"23":{"start":{"line":50,"column":2},"end":{"line":50,"column":null}},"24":{"start":{"line":51,"column":28},"end":{"line":51,"column":73}},"25":{"start":{"line":52,"column":2},"end":{"line":52,"column":null}},"26":{"start":{"line":54,"column":22},"end":{"line":54,"column":71}},"27":{"start":{"line":55,"column":35},"end":{"line":55,"column":82}},"28":{"start":{"line":57,"column":21},"end":{"line":57,"column":161}},"29":{"start":{"line":59,"column":2},"end":{"line":70,"column":null}},"30":{"start":{"line":71,"column":1},"end":{"line":71,"column":null}}},"fnMap":{"0":{"name":"_getRequireWildcardCache","decl":{"start":{"line":7,"column":57},"end":{"line":7,"column":null}},"loc":{"start":{"line":7,"column":57},"end":{"line":7,"column":null}}},"1":{"name":"(anonymous_3)","decl":{"start":{"line":9,"column":22},"end":{"line":9,"column":28}},"loc":{"start":{"line":9,"column":88},"end":{"line":71,"column":1}}}},"branchMap":{"0":{"loc":{"start":{"line":7,"column":57},"end":{"line":7,"column":null}},"type":"if","locations":[{"start":{"line":7,"column":57},"end":{"line":7,"column":null}}]},"1":{"loc":{"start":{"line":7,"column":57},"end":{"line":7,"column":null}},"type":"cond-expr","locations":[{"start":{"line":7,"column":57},"end":{"line":7,"column":null}},{"start":{"line":7,"column":57},"end":{"line":7,"column":null}}]},"2":{"loc":{"start":{"line":7,"column":57},"end":{"line":7,"column":null}},"type":"binary-expr","locations":[{"start":{"line":7,"column":57},"end":{"line":7,"column":null}},{"start":{"line":7,"column":57},"end":{"line":7,"column":null}},{"start":{"line":7,"column":57},"end":{"line":7,"column":null}}]},"3":{"loc":{"start":{"line":16,"column":4},"end":{"line":21,"column":null}},"type":"if","locations":[{"start":{"line":16,"column":4},"end":{"line":21,"column":null}},{"start":{"line":19,"column":9},"end":{"line":21,"column":null}}]},"4":{"loc":{"start":{"line":36,"column":21},"end":{"line":36,"column":67}},"type":"cond-expr","locations":[{"start":{"line":36,"column":39},"end":{"line":36,"column":40}},{"start":{"line":36,"column":43},"end":{"line":36,"column":67}}]}},"s":{"0":2,"1":2,"2":2,"3":2,"4":2,"5":326,"6":2,"7":2,"8":2,"9":2,"10":0,"11":0,"12":0,"13":2,"14":2,"15":2,"16":2,"17":2,"18":2,"19":2,"20":2,"21":2,"22":2,"23":2,"24":2,"25":2,"26":2,"27":2,"28":2,"29":2,"30":2},"f":{"0":10,"1":2},"b":{"0":[94],"1":[200,204],"2":[102,102,98],"3":[0,0],"4":[0,2]}}
}
