{"/Users/zane/.liq/playground/liquid-labs/catalyst-builder-badger/src/index.mjs": {"path":"/Users/zane/.liq/playground/liquid-labs/catalyst-builder-badger/src/index.mjs","statementMap":{"0":{"start":{"line":1,"column":0},"end":{"line":1,"column":null}},"1":{"start":{"line":3,"column":10},"end":{"line":3,"column":21}},"2":{"start":{"line":4,"column":13},"end":{"line":4,"column":54}}},"fnMap":{"0":{"name":"(anonymous_0)","decl":{"start":{"line":1,"column":0},"end":{"line":1,"column":null}},"loc":{"start":{"line":1,"column":0},"end":{"line":1,"column":null}}}},"branchMap":{"0":{"loc":{"start":{"line":1,"column":0},"end":{"line":1,"column":null}},"type":"if","locations":[{"start":{"line":1,"column":0},"end":{"line":1,"column":null}}]},"1":{"loc":{"start":{"line":1,"column":0},"end":{"line":1,"column":null}},"type":"binary-expr","locations":[{"start":{"line":1,"column":0},"end":{"line":1,"column":null}},{"start":{"line":1,"column":0},"end":{"line":1,"column":null}}]}},"s":{"0":0,"1":0,"2":0},"f":{"0":0},"b":{"0":[0],"1":[0,0]}}
,"/Users/zane/.liq/playground/liquid-labs/catalyst-builder-badger/src/handlers/index.mjs": {"path":"/Users/zane/.liq/playground/liquid-labs/catalyst-builder-badger/src/handlers/index.mjs","statementMap":{"0":{"start":{"line":1,"column":0},"end":{"line":1,"column":null}}},"fnMap":{"0":{"name":"(anonymous_0)","decl":{"start":{"line":1,"column":0},"end":{"line":1,"column":null}},"loc":{"start":{"line":1,"column":0},"end":{"line":1,"column":null}}}},"branchMap":{"0":{"loc":{"start":{"line":1,"column":0},"end":{"line":1,"column":null}},"type":"if","locations":[{"start":{"line":1,"column":0},"end":{"line":1,"column":null}}]},"1":{"loc":{"start":{"line":1,"column":0},"end":{"line":1,"column":null}},"type":"binary-expr","locations":[{"start":{"line":1,"column":0},"end":{"line":1,"column":null}},{"start":{"line":1,"column":0},"end":{"line":1,"column":null}}]}},"s":{"0":0},"f":{"0":0},"b":{"0":[0],"1":[0,0]}}
,"/Users/zane/.liq/playground/liquid-labs/catalyst-builder-badger/src/handlers/badges/index.mjs": {"path":"/Users/zane/.liq/playground/liquid-labs/catalyst-builder-badger/src/handlers/badges/index.mjs","statementMap":{"0":{"start":{"line":1,"column":0},"end":{"line":1,"column":39}},"1":{"start":{"line":1,"column":39},"end":{"line":1,"column":null}},"2":{"start":{"line":3,"column":14},"end":{"line":3,"column":31}}},"fnMap":{"0":{"name":"_getRequireWildcardCache","decl":{"start":{"line":1,"column":39},"end":{"line":1,"column":null}},"loc":{"start":{"line":1,"column":39},"end":{"line":1,"column":null}}}},"branchMap":{"0":{"loc":{"start":{"line":1,"column":39},"end":{"line":1,"column":null}},"type":"if","locations":[{"start":{"line":1,"column":39},"end":{"line":1,"column":null}}]},"1":{"loc":{"start":{"line":1,"column":39},"end":{"line":1,"column":null}},"type":"cond-expr","locations":[{"start":{"line":1,"column":39},"end":{"line":1,"column":null}},{"start":{"line":1,"column":39},"end":{"line":1,"column":null}}]},"2":{"loc":{"start":{"line":1,"column":39},"end":{"line":1,"column":null}},"type":"binary-expr","locations":[{"start":{"line":1,"column":39},"end":{"line":1,"column":null}},{"start":{"line":1,"column":39},"end":{"line":1,"column":null}},{"start":{"line":1,"column":39},"end":{"line":1,"column":null}}]}},"s":{"0":0,"1":0,"2":0},"f":{"0":0},"b":{"0":[0],"1":[0,0],"2":[0,0,0]}}
,"/Users/zane/.liq/playground/liquid-labs/catalyst-builder-badger/src/handlers/badges/setup.mjs": {"path":"/Users/zane/.liq/playground/liquid-labs/catalyst-builder-badger/src/handlers/badges/setup.mjs","statementMap":{"0":{"start":{"line":1,"column":0},"end":{"line":1,"column":null}},"1":{"start":{"line":3,"column":0},"end":{"line":3,"column":null}},"2":{"start":{"line":4,"column":0},"end":{"line":4,"column":null}},"3":{"start":{"line":6,"column":0},"end":{"line":6,"column":null}},"4":{"start":{"line":7,"column":0},"end":{"line":7,"column":null}},"5":{"start":{"line":8,"column":0},"end":{"line":8,"column":null}},"6":{"start":{"line":10,"column":29},"end":{"line":10,"column":43}},"7":{"start":{"line":12,"column":10},"end":{"line":16,"column":1}},"8":{"start":{"line":18,"column":12},"end":{"line":18,"column":20}},"9":{"start":{"line":19,"column":10},"end":{"line":19,"column":32}},"10":{"start":{"line":20,"column":16},"end":{"line":40,"column":null}},"11":{"start":{"line":43,"column":13},"end":{"line":96,"column":1}},"12":{"start":{"line":43,"column":36},"end":{"line":96,"column":1}},"13":{"start":{"line":44,"column":2},"end":{"line":44,"column":null}},"14":{"start":{"line":46,"column":96},"end":{"line":46,"column":104}},"15":{"start":{"line":48,"column":14},"end":{"line":48,"column":30}},"16":{"start":{"line":49,"column":2},"end":{"line":51,"column":null}},"17":{"start":{"line":50,"column":4},"end":{"line":50,"column":null}},"18":{"start":{"line":53,"column":22},"end":{"line":53,"column":66}},"19":{"start":{"line":54,"column":47},"end":{"line":54,"column":58}},"20":{"start":{"line":56,"column":19},"end":{"line":56,"column":21}},"21":{"start":{"line":58,"column":2},"end":{"line":60,"column":null}},"22":{"start":{"line":59,"column":4},"end":{"line":59,"column":null}},"23":{"start":{"line":61,"column":2},"end":{"line":63,"column":null}},"24":{"start":{"line":62,"column":4},"end":{"line":62,"column":null}},"25":{"start":{"line":65,"column":18},"end":{"line":65,"column":45}},"26":{"start":{"line":67,"column":21},"end":{"line":67,"column":23}},"27":{"start":{"line":68,"column":26},"end":{"line":68,"column":28}},"28":{"start":{"line":69,"column":18},"end":{"line":69,"column":20}},"29":{"start":{"line":71,"column":2},"end":{"line":77,"column":null}},"30":{"start":{"line":72,"column":4},"end":{"line":72,"column":null}},"31":{"start":{"line":73,"column":4},"end":{"line":75,"column":null}},"32":{"start":{"line":74,"column":6},"end":{"line":74,"column":null}},"33":{"start":{"line":76,"column":4},"end":{"line":76,"column":null}},"34":{"start":{"line":79,"column":21},"end":{"line":79,"column":41}},"35":{"start":{"line":80,"column":24},"end":{"line":80,"column":57}},"36":{"start":{"line":82,"column":15},"end":{"line":89,"column":3}},"37":{"start":{"line":85,"column":6},"end":{"line":87,"column":null}},"38":{"start":{"line":85,"column":35},"end":{"line":85,"column":null}},"39":{"start":{"line":86,"column":11},"end":{"line":87,"column":null}},"40":{"start":{"line":86,"column":40},"end":{"line":86,"column":null}},"41":{"start":{"line":87,"column":11},"end":{"line":87,"column":null}},"42":{"start":{"line":91,"column":15},"end":{"line":91,"column":35}},"43":{"start":{"line":93,"column":2},"end":{"line":93,"column":null}},"44":{"start":{"line":95,"column":2},"end":{"line":95,"column":null}},"45":{"start":{"line":96,"column":1},"end":{"line":96,"column":null}}},"fnMap":{"0":{"name":"(anonymous_0)","decl":{"start":{"line":43,"column":13},"end":{"line":43,"column":14}},"loc":{"start":{"line":43,"column":36},"end":{"line":96,"column":1}}},"1":{"name":"(anonymous_1)","decl":{"start":{"line":43,"column":36},"end":{"line":43,"column":42}},"loc":{"start":{"line":43,"column":55},"end":{"line":96,"column":1}}},"2":{"name":"(anonymous_2)","decl":{"start":{"line":84,"column":32},"end":{"line":84,"column":33}},"loc":{"start":{"line":84,"column":42},"end":{"line":88,"column":5}}}},"branchMap":{"0":{"loc":{"start":{"line":46,"column":33},"end":{"line":46,"column":69}},"type":"default-arg","locations":[{"start":{"line":46,"column":49},"end":{"line":46,"column":69}}]},"1":{"loc":{"start":{"line":49,"column":2},"end":{"line":51,"column":null}},"type":"if","locations":[{"start":{"line":49,"column":2},"end":{"line":51,"column":null}}]},"2":{"loc":{"start":{"line":58,"column":2},"end":{"line":60,"column":null}},"type":"if","locations":[{"start":{"line":58,"column":2},"end":{"line":60,"column":null}}]},"3":{"loc":{"start":{"line":61,"column":2},"end":{"line":63,"column":null}},"type":"if","locations":[{"start":{"line":61,"column":2},"end":{"line":63,"column":null}}]},"4":{"loc":{"start":{"line":73,"column":22},"end":{"line":73,"column":47}},"type":"binary-expr","locations":[{"start":{"line":73,"column":22},"end":{"line":73,"column":41}},{"start":{"line":73,"column":45},"end":{"line":73,"column":47}}]},"5":{"loc":{"start":{"line":76,"column":21},"end":{"line":76,"column":41}},"type":"binary-expr","locations":[{"start":{"line":76,"column":21},"end":{"line":76,"column":35}},{"start":{"line":76,"column":39},"end":{"line":76,"column":41}}]},"6":{"loc":{"start":{"line":85,"column":6},"end":{"line":87,"column":null}},"type":"if","locations":[{"start":{"line":85,"column":6},"end":{"line":87,"column":null}},{"start":{"line":86,"column":11},"end":{"line":87,"column":null}}]},"7":{"loc":{"start":{"line":86,"column":11},"end":{"line":87,"column":null}},"type":"if","locations":[{"start":{"line":86,"column":11},"end":{"line":87,"column":null}},{"start":{"line":87,"column":11},"end":{"line":87,"column":null}}]}},"s":{"0":0,"1":0,"2":0,"3":0,"4":0,"5":0,"6":0,"7":0,"8":0,"9":0,"10":0,"11":0,"12":0,"13":0,"14":0,"15":0,"16":0,"17":0,"18":0,"19":0,"20":0,"21":0,"22":0,"23":0,"24":0,"25":0,"26":0,"27":0,"28":0,"29":0,"30":0,"31":0,"32":0,"33":0,"34":0,"35":0,"36":0,"37":0,"38":0,"39":0,"40":0,"41":0,"42":0,"43":0,"44":0,"45":0},"f":{"0":0,"1":0,"2":0},"b":{"0":[0],"1":[0],"2":[0],"3":[0],"4":[0,0],"5":[0,0],"6":[0,0],"7":[0,0]}}
,"/Users/zane/.liq/playground/liquid-labs/catalyst-builder-badger/src/handlers/badges/lib/setup-coverage.mjs": {"path":"/Users/zane/.liq/playground/liquid-labs/catalyst-builder-badger/src/handlers/badges/lib/setup-coverage.mjs","statementMap":{"0":{"start":{"line":1,"column":0},"end":{"line":1,"column":null}},"1":{"start":{"line":2,"column":0},"end":{"line":2,"column":null}},"2":{"start":{"line":4,"column":0},"end":{"line":4,"column":39}},"3":{"start":{"line":4,"column":39},"end":{"line":4,"column":null}},"4":{"start":{"line":6,"column":22},"end":{"line":65,"column":1}},"5":{"start":{"line":8,"column":2},"end":{"line":19,"column":null}},"6":{"start":{"line":9,"column":23},"end":{"line":9,"column":71}},"7":{"start":{"line":10,"column":4},"end":{"line":10,"column":null}},"8":{"start":{"line":13,"column":4},"end":{"line":18,"column":null}},"9":{"start":{"line":14,"column":6},"end":{"line":14,"column":null}},"10":{"start":{"line":17,"column":6},"end":{"line":17,"column":null}},"11":{"start":{"line":21,"column":22},"end":{"line":21,"column":61}},"12":{"start":{"line":23,"column":21},"end":{"line":23,"column":73}},"13":{"start":{"line":24,"column":28},"end":{"line":24,"column":87}},"14":{"start":{"line":30,"column":19},"end":{"line":30,"column":49}},"15":{"start":{"line":31,"column":26},"end":{"line":31,"column":52}},"16":{"start":{"line":33,"column":21},"end":{"line":33,"column":67}},"17":{"start":{"line":36,"column":14},"end":{"line":36,"column":48}},"18":{"start":{"line":37,"column":21},"end":{"line":37,"column":42}},"19":{"start":{"line":39,"column":16},"end":{"line":44,"column":4}},"20":{"start":{"line":46,"column":27},"end":{"line":46,"column":61}},"21":{"start":{"line":47,"column":2},"end":{"line":47,"column":null}},"22":{"start":{"line":48,"column":28},"end":{"line":48,"column":73}},"23":{"start":{"line":49,"column":2},"end":{"line":49,"column":null}},"24":{"start":{"line":51,"column":21},"end":{"line":51,"column":107}},"25":{"start":{"line":53,"column":2},"end":{"line":64,"column":null}},"26":{"start":{"line":65,"column":1},"end":{"line":65,"column":null}}},"fnMap":{"0":{"name":"_getRequireWildcardCache","decl":{"start":{"line":4,"column":39},"end":{"line":4,"column":null}},"loc":{"start":{"line":4,"column":39},"end":{"line":4,"column":null}}},"1":{"name":"(anonymous_3)","decl":{"start":{"line":6,"column":22},"end":{"line":6,"column":28}},"loc":{"start":{"line":6,"column":59},"end":{"line":65,"column":1}}}},"branchMap":{"0":{"loc":{"start":{"line":4,"column":39},"end":{"line":4,"column":null}},"type":"if","locations":[{"start":{"line":4,"column":39},"end":{"line":4,"column":null}}]},"1":{"loc":{"start":{"line":4,"column":39},"end":{"line":4,"column":null}},"type":"cond-expr","locations":[{"start":{"line":4,"column":39},"end":{"line":4,"column":null}},{"start":{"line":4,"column":39},"end":{"line":4,"column":null}}]},"2":{"loc":{"start":{"line":4,"column":39},"end":{"line":4,"column":null}},"type":"binary-expr","locations":[{"start":{"line":4,"column":39},"end":{"line":4,"column":null}},{"start":{"line":4,"column":39},"end":{"line":4,"column":null}},{"start":{"line":4,"column":39},"end":{"line":4,"column":null}}]},"3":{"loc":{"start":{"line":13,"column":4},"end":{"line":18,"column":null}},"type":"if","locations":[{"start":{"line":13,"column":4},"end":{"line":18,"column":null}},{"start":{"line":16,"column":9},"end":{"line":18,"column":null}}]},"4":{"loc":{"start":{"line":33,"column":21},"end":{"line":33,"column":67}},"type":"cond-expr","locations":[{"start":{"line":33,"column":39},"end":{"line":33,"column":40}},{"start":{"line":33,"column":43},"end":{"line":33,"column":67}}]}},"s":{"0":1,"1":1,"2":1,"3":216,"4":1,"5":1,"6":1,"7":1,"8":0,"9":0,"10":0,"11":1,"12":1,"13":1,"14":1,"15":1,"16":1,"17":1,"18":1,"19":1,"20":1,"21":1,"22":1,"23":1,"24":1,"25":1,"26":1},"f":{"0":5,"1":1},"b":{"0":[49],"1":[98,100],"2":[51,51,49],"3":[0,0],"4":[0,1]}}
,"/Users/zane/.liq/playground/liquid-labs/catalyst-builder-badger/src/handlers/badges/lib/setup-passing.mjs": {"path":"/Users/zane/.liq/playground/liquid-labs/catalyst-builder-badger/src/handlers/badges/lib/setup-passing.mjs","statementMap":{"0":{"start":{"line":1,"column":0},"end":{"line":1,"column":null}},"1":{"start":{"line":2,"column":0},"end":{"line":2,"column":null}},"2":{"start":{"line":3,"column":0},"end":{"line":3,"column":null}},"3":{"start":{"line":5,"column":0},"end":{"line":5,"column":null}},"4":{"start":{"line":7,"column":0},"end":{"line":7,"column":null}},"5":{"start":{"line":8,"column":0},"end":{"line":8,"column":57}},"6":{"start":{"line":8,"column":57},"end":{"line":8,"column":null}},"7":{"start":{"line":10,"column":21},"end":{"line":51,"column":1}},"8":{"start":{"line":11,"column":25},"end":{"line":11,"column":69}},"9":{"start":{"line":11,"column":50},"end":{"line":11,"column":68}},"10":{"start":{"line":13,"column":18},"end":{"line":13,"column":20}},"11":{"start":{"line":15,"column":24},"end":{"line":15,"column":64}},"12":{"start":{"line":16,"column":2},"end":{"line":18,"column":null}},"13":{"start":{"line":17,"column":4},"end":{"line":17,"column":null}},"14":{"start":{"line":20,"column":22},"end":{"line":20,"column":60}},"15":{"start":{"line":21,"column":27},"end":{"line":21,"column":66}},"16":{"start":{"line":23,"column":2},"end":{"line":48,"column":null}},"17":{"start":{"line":24,"column":22},"end":{"line":24,"column":53}},"18":{"start":{"line":25,"column":4},"end":{"line":38,"column":null}},"19":{"start":{"line":26,"column":23},"end":{"line":26,"column":78}},"20":{"start":{"line":26,"column":46},"end":{"line":26,"column":77}},"21":{"start":{"line":27,"column":6},"end":{"line":37,"column":null}},"22":{"start":{"line":28,"column":8},"end":{"line":28,"column":null}},"23":{"start":{"line":30,"column":11},"end":{"line":37,"column":null}},"24":{"start":{"line":31,"column":29},"end":{"line":31,"column":65}},"25":{"start":{"line":32,"column":33},"end":{"line":32,"column":87}},"26":{"start":{"line":33,"column":29},"end":{"line":33,"column":56}},"27":{"start":{"line":34,"column":25},"end":{"line":34,"column":37}},"28":{"start":{"line":36,"column":8},"end":{"line":36,"column":null}},"29":{"start":{"line":41,"column":4},"end":{"line":46,"column":null}},"30":{"start":{"line":42,"column":6},"end":{"line":42,"column":null}},"31":{"start":{"line":44,"column":9},"end":{"line":46,"column":null}},"32":{"start":{"line":45,"column":6},"end":{"line":45,"column":null}},"33":{"start":{"line":50,"column":2},"end":{"line":50,"column":null}},"34":{"start":{"line":51,"column":1},"end":{"line":51,"column":null}}},"fnMap":{"0":{"name":"_getRequireWildcardCache","decl":{"start":{"line":8,"column":57},"end":{"line":8,"column":null}},"loc":{"start":{"line":8,"column":57},"end":{"line":8,"column":null}}},"1":{"name":"(anonymous_3)","decl":{"start":{"line":10,"column":21},"end":{"line":10,"column":27}},"loc":{"start":{"line":10,"column":95},"end":{"line":51,"column":1}}},"2":{"name":"(anonymous_4)","decl":{"start":{"line":11,"column":44},"end":{"line":11,"column":45}},"loc":{"start":{"line":11,"column":50},"end":{"line":11,"column":68}}},"3":{"name":"(anonymous_5)","decl":{"start":{"line":26,"column":39},"end":{"line":26,"column":41}},"loc":{"start":{"line":26,"column":46},"end":{"line":26,"column":77}}}},"branchMap":{"0":{"loc":{"start":{"line":8,"column":57},"end":{"line":8,"column":null}},"type":"if","locations":[{"start":{"line":8,"column":57},"end":{"line":8,"column":null}}]},"1":{"loc":{"start":{"line":8,"column":57},"end":{"line":8,"column":null}},"type":"cond-expr","locations":[{"start":{"line":8,"column":57},"end":{"line":8,"column":null}},{"start":{"line":8,"column":57},"end":{"line":8,"column":null}}]},"2":{"loc":{"start":{"line":8,"column":57},"end":{"line":8,"column":null}},"type":"binary-expr","locations":[{"start":{"line":8,"column":57},"end":{"line":8,"column":null}},{"start":{"line":8,"column":57},"end":{"line":8,"column":null}},{"start":{"line":8,"column":57},"end":{"line":8,"column":null}}]},"3":{"loc":{"start":{"line":16,"column":2},"end":{"line":18,"column":null}},"type":"if","locations":[{"start":{"line":16,"column":2},"end":{"line":18,"column":null}}]},"4":{"loc":{"start":{"line":27,"column":6},"end":{"line":37,"column":null}},"type":"if","locations":[{"start":{"line":27,"column":6},"end":{"line":37,"column":null}},{"start":{"line":30,"column":11},"end":{"line":37,"column":null}}]},"5":{"loc":{"start":{"line":27,"column":10},"end":{"line":27,"column":65}},"type":"binary-expr","locations":[{"start":{"line":27,"column":10},"end":{"line":27,"column":39}},{"start":{"line":27,"column":43},"end":{"line":27,"column":65}}]},"6":{"loc":{"start":{"line":30,"column":11},"end":{"line":37,"column":null}},"type":"if","locations":[{"start":{"line":30,"column":11},"end":{"line":37,"column":null}}]},"7":{"loc":{"start":{"line":41,"column":4},"end":{"line":46,"column":null}},"type":"if","locations":[{"start":{"line":41,"column":4},"end":{"line":46,"column":null}},{"start":{"line":44,"column":9},"end":{"line":46,"column":null}}]},"8":{"loc":{"start":{"line":44,"column":9},"end":{"line":46,"column":null}},"type":"if","locations":[{"start":{"line":44,"column":9},"end":{"line":46,"column":null}}]}},"s":{"0":0,"1":0,"2":0,"3":0,"4":0,"5":0,"6":0,"7":0,"8":0,"9":0,"10":0,"11":0,"12":0,"13":0,"14":0,"15":0,"16":0,"17":0,"18":0,"19":0,"20":0,"21":0,"22":0,"23":0,"24":0,"25":0,"26":0,"27":0,"28":0,"29":0,"30":0,"31":0,"32":0,"33":0,"34":0},"f":{"0":0,"1":0,"2":0,"3":0},"b":{"0":[0],"1":[0,0],"2":[0,0,0],"3":[0],"4":[0,0],"5":[0,0],"6":[0],"7":[0,0],"8":[0]}}
,"/Users/zane/.liq/playground/liquid-labs/catalyst-builder-badger/src/handlers/badges/lib/update-readme.mjs": {"path":"/Users/zane/.liq/playground/liquid-labs/catalyst-builder-badger/src/handlers/badges/lib/update-readme.mjs","statementMap":{"0":{"start":{"line":1,"column":0},"end":{"line":1,"column":null}},"1":{"start":{"line":2,"column":0},"end":{"line":2,"column":35}},"2":{"start":{"line":2,"column":35},"end":{"line":2,"column":null}},"3":{"start":{"line":4,"column":20},"end":{"line":4,"column":31}},"4":{"start":{"line":6,"column":21},"end":{"line":21,"column":1}},"5":{"start":{"line":7,"column":21},"end":{"line":7,"column":50}},"6":{"start":{"line":8,"column":25},"end":{"line":8,"column":77}},"7":{"start":{"line":9,"column":22},"end":{"line":9,"column":48}},"8":{"start":{"line":10,"column":19},"end":{"line":10,"column":66}},"9":{"start":{"line":10,"column":48},"end":{"line":10,"column":65}},"10":{"start":{"line":14,"column":23},"end":{"line":14,"column":76}},"11":{"start":{"line":16,"column":2},"end":{"line":16,"column":null}},"12":{"start":{"line":18,"column":28},"end":{"line":18,"column":50}},"13":{"start":{"line":20,"column":2},"end":{"line":20,"column":null}},"14":{"start":{"line":21,"column":1},"end":{"line":21,"column":null}}},"fnMap":{"0":{"name":"_getRequireWildcardCache","decl":{"start":{"line":2,"column":35},"end":{"line":2,"column":null}},"loc":{"start":{"line":2,"column":35},"end":{"line":2,"column":null}}},"1":{"name":"(anonymous_3)","decl":{"start":{"line":6,"column":21},"end":{"line":6,"column":27}},"loc":{"start":{"line":6,"column":51},"end":{"line":21,"column":1}}},"2":{"name":"(anonymous_4)","decl":{"start":{"line":10,"column":42},"end":{"line":10,"column":43}},"loc":{"start":{"line":10,"column":48},"end":{"line":10,"column":65}}}},"branchMap":{"0":{"loc":{"start":{"line":2,"column":35},"end":{"line":2,"column":null}},"type":"if","locations":[{"start":{"line":2,"column":35},"end":{"line":2,"column":null}}]},"1":{"loc":{"start":{"line":2,"column":35},"end":{"line":2,"column":null}},"type":"cond-expr","locations":[{"start":{"line":2,"column":35},"end":{"line":2,"column":null}},{"start":{"line":2,"column":35},"end":{"line":2,"column":null}}]},"2":{"loc":{"start":{"line":2,"column":35},"end":{"line":2,"column":null}},"type":"binary-expr","locations":[{"start":{"line":2,"column":35},"end":{"line":2,"column":null}},{"start":{"line":2,"column":35},"end":{"line":2,"column":null}},{"start":{"line":2,"column":35},"end":{"line":2,"column":null}}]},"3":{"loc":{"start":{"line":14,"column":23},"end":{"line":14,"column":76}},"type":"cond-expr","locations":[{"start":{"line":14,"column":71},"end":{"line":14,"column":72}},{"start":{"line":14,"column":75},"end":{"line":14,"column":76}}]},"4":{"loc":{"start":{"line":14,"column":23},"end":{"line":14,"column":68}},"type":"binary-expr","locations":[{"start":{"line":14,"column":23},"end":{"line":14,"column":50}},{"start":{"line":14,"column":48},"end":{"line":14,"column":50}},{"start":{"line":14,"column":23},"end":{"line":14,"column":68}}]}},"s":{"0":1,"1":1,"2":216,"3":1,"4":1,"5":2,"6":2,"7":2,"8":2,"9":2,"10":2,"11":2,"12":2,"13":2,"14":1},"f":{"0":5,"1":2,"2":2},"b":{"0":[49],"1":[98,100],"2":[51,51,49],"3":[1,1],"4":[2,2,2]}}
}
